<?xml version="1.0" encoding="UTF-8"?>
<testng-results skipped="0" failed="0" ignored="0" total="1" passed="1">
  <reporter-output>
  </reporter-output>
  <suite name="Suite" duration-ms="8480" started-at="2018-04-02T19:47:29Z" finished-at="2018-04-02T19:47:37Z">
    <groups>
    </groups>
    <test name="Test" duration-ms="8480" started-at="2018-04-02T19:47:29Z" finished-at="2018-04-02T19:47:37Z">
      <class name="testCases.ProductVerification">
        <test-method status="PASS" signature="init()[pri:0, instance:testCases.ProductVerification@91161c7]" name="init" is-config="true" duration-ms="14284" started-at="2018-04-03T01:17:15Z" finished-at="2018-04-03T01:17:29Z">
          <reporter-output>
          </reporter-output>
        </test-method> <!-- init -->
        <test-method status="PASS" signature="verifyProductPrice()[pri:0, instance:testCases.ProductVerification@91161c7]" name="verifyProductPrice" duration-ms="8405" started-at="2018-04-03T01:17:29Z" finished-at="2018-04-03T01:17:37Z">
          <reporter-output>
          </reporter-output>
        </test-method> <!-- verifyProductPrice -->
        <test-method status="PASS" signature="tearDown()[pri:0, instance:testCases.ProductVerification@91161c7]" name="tearDown" is-config="true" duration-ms="1183" started-at="2018-04-03T01:17:38Z" finished-at="2018-04-03T01:17:39Z">
          <reporter-output>
          </reporter-output>
        </test-method> <!-- tearDown -->
      </class> <!-- testCases.ProductVerification -->
    </test> <!-- Test -->
  </suite> <!-- Suite -->
</testng-results>
